#
# There is insufficient memory for the Java Runtime Environment to continue.
# Native memory allocation (malloc) failed to allocate 3508976 bytes for Chunk::new
# Possible reasons:
#   The system is out of physical RAM or swap space
#   The process is running with CompressedOops enabled, and the Java Heap may be blocking the growth of the native heap
# Possible solutions:
#   Reduce memory load on the system
#   Increase physical memory or swap space
#   Check if swap backing store is full
#   Decrease Java heap size (-Xmx/-Xms)
#   Decrease number of Java threads
#   Decrease Java thread stack sizes (-Xss)
#   Set larger code cache with -XX:ReservedCodeCacheSize=
#   JVM is running with Zero Based Compressed Oops mode in which the Java heap is
#     placed in the first 32GB address space. The Java Heap base address is the
#     maximum limit for the native heap growth. Please use -XX:HeapBaseMinAddress
#     to set the Java Heap base and to place the Java Heap above 32GB virtual address.
# This output file may be truncated or incomplete.
#
#  Out of Memory Error (arena.cpp:184), pid=16392, tid=20156
#
# JRE version: Java(TM) SE Runtime Environment (19.0.2+7) (build 19.0.2+7-44)
# Java VM: Java HotSpot(TM) 64-Bit Server VM (19.0.2+7-44, mixed mode, sharing, tiered, compressed oops, compressed class ptrs, g1 gc, windows-amd64)
# No core dump will be written. Minidumps are not enabled by default on client versions of Windows
#

---------------  S U M M A R Y ------------

Command Line: -Dclassworlds.conf=C:\Users\KB\.m2\wrapper\dists\apache-maven-3.9.9\977a63e90f436cd6ade95b4c0e10c20c\bin\m2.conf -Dmaven.home=C:\Users\KB\.m2\wrapper\dists\apache-maven-3.9.9\977a63e90f436cd6ade95b4c0e10c20c -Dlibrary.jansi.path=C:\Users\KB\.m2\wrapper\dists\apache-maven-3.9.9\977a63e90f436cd6ade95b4c0e10c20c\lib\jansi-native -Dmaven.multiModuleProjectDirectory=F:\Pizarras Elenita\Pizarras-Elenita org.codehaus.plexus.classworlds.launcher.Launcher -DskipTests=true -Dmaven.ext.class.path=C:\Program Files\NetBeans-17\netbeans\java\maven-nblib\netbeans-eventspy.jar --no-transfer-progress --fail-at-end package

Host: Intel(R) Core(TM) i7-4770 CPU @ 3.40GHz, 8 cores, 15G,  Windows 10 , 64 bit Build 19041 (10.0.19041.1348)
Time: Thu Oct 10 21:51:46 2024 Hora est. Pacífico, Sudamérica elapsed time: 113.841908 seconds (0d 0h 1m 53s)

---------------  T H R E A D  ---------------

Current thread (0x00000207b4fe7a90):  JavaThread "C2 CompilerThread0" daemon [_thread_in_native, id=20156, stack(0x000000ecdfd00000,0x000000ecdfe00000)]


Current CompileTask:
C2: 113843 8809       4       org.codehaus.plexus.classworlds.realm.ClassRealm::loadClass (7 bytes)

Stack: [0x000000ecdfd00000,0x000000ecdfe00000]
Native frames: (J=compiled Java code, j=interpreted, Vv=VM code, C=native code)
V  [jvm.dll+0x6ee21a]
V  [jvm.dll+0x85765e]
V  [jvm.dll+0x85904e]
V  [jvm.dll+0x859703]
V  [jvm.dll+0x28298f]
V  [jvm.dll+0xc9adf]
V  [jvm.dll+0xc9e65]
V  [jvm.dll+0x2f7caf]
V  [jvm.dll+0x5f076b]
V  [jvm.dll+0x25590c]
V  [jvm.dll+0x24e1a7]
V  [jvm.dll+0x24b673]
V  [jvm.dll+0x1d6ce1]
V  [jvm.dll+0x25b25a]
V  [jvm.dll+0x2596e8]
V  [jvm.dll+0x807588]
V  [jvm.dll+0x80125a]
V  [jvm.dll+0x6ecf0b]
C  [ucrtbase.dll+0x21bb2]
C  [KERNEL32.DLL+0x17034]
C  [ntdll.dll+0x52651]


---------------  P R O C E S S  ---------------

Threads class SMR info:
_java_thread_list=0x00000207ba9a6900, length=14, elements={
0x0000020791b8c960, 0x00000207b4fdc2e0, 0x00000207b4fdd0d0, 0x00000207b4fde8c0,
0x00000207b4fe2310, 0x00000207b4fe2c40, 0x00000207b4fe37f0, 0x00000207b4fe7a90,
0x00000207b4fe8540, 0x00000207b4ffe700, 0x00000207b9516840, 0x00000207b95191f0,
0x00000207ba345220, 0x00000207ba3457b0
}

Java Threads: ( => current thread )
  0x0000020791b8c960 JavaThread "main" [_thread_in_vm, id=20260, stack(0x000000ecdf000000,0x000000ecdf100000)]
  0x00000207b4fdc2e0 JavaThread "Reference Handler" daemon [_thread_blocked, id=19848, stack(0x000000ecdf700000,0x000000ecdf800000)]
  0x00000207b4fdd0d0 JavaThread "Finalizer" daemon [_thread_blocked, id=4704, stack(0x000000ecdf800000,0x000000ecdf900000)]
  0x00000207b4fde8c0 JavaThread "Signal Dispatcher" daemon [_thread_blocked, id=20476, stack(0x000000ecdf900000,0x000000ecdfa00000)]
  0x00000207b4fe2310 JavaThread "Attach Listener" daemon [_thread_blocked, id=19812, stack(0x000000ecdfa00000,0x000000ecdfb00000)]
  0x00000207b4fe2c40 JavaThread "Service Thread" daemon [_thread_blocked, id=19984, stack(0x000000ecdfb00000,0x000000ecdfc00000)]
  0x00000207b4fe37f0 JavaThread "Monitor Deflation Thread" daemon [_thread_blocked, id=10444, stack(0x000000ecdfc00000,0x000000ecdfd00000)]
=>0x00000207b4fe7a90 JavaThread "C2 CompilerThread0" daemon [_thread_in_native, id=20156, stack(0x000000ecdfd00000,0x000000ecdfe00000)]
  0x00000207b4fe8540 JavaThread "C1 CompilerThread0" daemon [_thread_blocked, id=19820, stack(0x000000ecdfe00000,0x000000ecdff00000)]
  0x00000207b4ffe700 JavaThread "Sweeper thread" daemon [_thread_blocked, id=18900, stack(0x000000ecdff00000,0x000000ece0000000)]
  0x00000207b9516840 JavaThread "Notification Thread" daemon [_thread_blocked, id=14664, stack(0x000000ece0000000,0x000000ece0100000)]
  0x00000207b95191f0 JavaThread "Common-Cleaner" daemon [_thread_blocked, id=19856, stack(0x000000ece0200000,0x000000ece0300000)]
  0x00000207ba345220 JavaThread "C2 CompilerThread1" daemon [_thread_in_native, id=16032, stack(0x000000ecded00000,0x000000ecdee00000)]
  0x00000207ba3457b0 JavaThread "C2 CompilerThread2" daemon [_thread_blocked, id=8984, stack(0x000000ecdee00000,0x000000ecdef00000)]

Other Threads:
  0x00000207b4fc03c0 VMThread "VM Thread" [stack: 0x000000ecdf600000,0x000000ecdf700000] [id=19716]
  0x00000207b9518d90 WatcherThread "VM Periodic Task Thread" [stack: 0x000000ece0100000,0x000000ece0200000] [id=18732]
  0x0000020791bfede0 WorkerThread "GC Thread#0" [stack: 0x000000ecdf100000,0x000000ecdf200000] [id=19204]
  0x00000207b9baab40 WorkerThread "GC Thread#1" [stack: 0x000000ece0500000,0x000000ece0600000] [id=19084]
  0x00000207b9a953a0 WorkerThread "GC Thread#2" [stack: 0x000000ece0600000,0x000000ece0700000] [id=19836]
  0x00000207b9a95670 WorkerThread "GC Thread#3" [stack: 0x000000ece0700000,0x000000ece0800000] [id=20188]
  0x00000207b9a95940 WorkerThread "GC Thread#4" [stack: 0x000000ece0800000,0x000000ece0900000] [id=18600]
  0x00000207ba188d60 WorkerThread "GC Thread#5" [stack: 0x000000ece0900000,0x000000ece0a00000] [id=19532]
  0x00000207ba189b70 WorkerThread "GC Thread#6" [stack: 0x000000ece0a00000,0x000000ece0b00000] [id=19992]
  0x00000207ba1887c0 WorkerThread "GC Thread#7" [stack: 0x000000ece0b00000,0x000000ece0c00000] [id=18548]
  0x0000020791c10df0 ConcurrentGCThread "G1 Main Marker" [stack: 0x000000ecdf200000,0x000000ecdf300000] [id=692]
  0x0000020791c11fd0 WorkerThread "G1 Conc#0" [stack: 0x000000ecdf300000,0x000000ecdf400000] [id=19556]
  0x00000207ba1895d0 WorkerThread "G1 Conc#1" [stack: 0x000000ece0c00000,0x000000ece0d00000] [id=18184]
  0x00000207b4e77500 ConcurrentGCThread "G1 Refine#0" [stack: 0x000000ecdf400000,0x000000ecdf500000] [id=15148]
  0x0000020791c5d440 ConcurrentGCThread "G1 Service" [stack: 0x000000ecdf500000,0x000000ecdf600000] [id=18852]

Threads with active compile tasks:
C2 CompilerThread0   114047 8809       4       org.codehaus.plexus.classworlds.realm.ClassRealm::loadClass (7 bytes)
C2 CompilerThread1   114047 8810   !   4       org.codehaus.plexus.classworlds.realm.ClassRealm::loadClass (33 bytes)

VM state: not at safepoint (normal execution)

VM Mutex/Monitor currently owned by a thread: None

Heap address: 0x0000000701000000, size: 4080 MB, Compressed Oops mode: Zero based, Oop shift amount: 3

CDS archive(s) mapped at: [0x0000000800000000-0x0000000800c40000-0x0000000800c40000), size 12845056, SharedBaseAddress: 0x0000000800000000, ArchiveRelocationMode: 0.
Compressed class space mapped at: 0x0000000801000000-0x0000000841000000, reserved size: 1073741824
Narrow klass base: 0x0000000800000000, Narrow klass shift: 0, Narrow klass range: 0x100000000

GC Precious Log:
 CardTable entry size: 512
 Card Set container configuration: InlinePtr #cards 4 size 8 Array Of Cards #cards 16 size 48 Howl #buckets 8 coarsen threshold 3686 Howl Bitmap #cards 512 size 80 coarsen threshold 460 Card regions per heap region 1 cards per card region 4096
 CPUs: 8 total, 8 available
 Memory: 16316M
 Large Page Support: Disabled
 NUMA Support: Disabled
 Compressed Oops: Enabled (Zero based)
 Heap Region Size: 2M
 Heap Min Capacity: 8M
 Heap Initial Capacity: 256M
 Heap Max Capacity: 4080M
 Pre-touch: Disabled
 Parallel Workers: 8
 Concurrent Workers: 2
 Concurrent Refinement Workers: 8
 Periodic GC: Disabled

Heap:
 garbage-first heap   total 163840K, used 90862K [0x0000000701000000, 0x0000000800000000)
  region size 2048K, 12 young (24576K), 3 survivors (6144K)
 Metaspace       used 43492K, committed 44032K, reserved 1114112K
  class space    used 4847K, committed 5120K, reserved 1048576K

Heap Regions: E=young(eden), S=young(survivor), O=old, HS=humongous(starts), HC=humongous(continues), CS=collection set, F=free, OA=open archive, CA=closed archive, TAMS=top-at-mark-start (previous, next)
|   0|0x0000000701000000, 0x0000000701200000, 0x0000000701200000|100%| O|  |TAMS 0x0000000701200000, 0x0000000701000000| Untracked 
|   1|0x0000000701200000, 0x0000000701400000, 0x0000000701400000|100%| O|  |TAMS 0x0000000701400000, 0x0000000701200000| Untracked 
|   2|0x0000000701400000, 0x0000000701600000, 0x0000000701600000|100%| O|  |TAMS 0x0000000701600000, 0x0000000701400000| Untracked 
|   3|0x0000000701600000, 0x0000000701800000, 0x0000000701800000|100%| O|  |TAMS 0x0000000701800000, 0x0000000701600000| Untracked 
|   4|0x0000000701800000, 0x0000000701a00000, 0x0000000701a00000|100%| O|  |TAMS 0x0000000701a00000, 0x0000000701800000| Untracked 
|   5|0x0000000701a00000, 0x0000000701c00000, 0x0000000701c00000|100%| O|  |TAMS 0x0000000701c00000, 0x0000000701a00000| Untracked 
|   6|0x0000000701c00000, 0x0000000701e00000, 0x0000000701e00000|100%| O|  |TAMS 0x0000000701e00000, 0x0000000701c00000| Untracked 
|   7|0x0000000701e00000, 0x0000000702000000, 0x0000000702000000|100%| O|  |TAMS 0x0000000702000000, 0x0000000701e00000| Untracked 
|   8|0x0000000702000000, 0x0000000702200000, 0x0000000702200000|100%| O|  |TAMS 0x0000000702200000, 0x0000000702000000| Untracked 
|   9|0x0000000702200000, 0x0000000702400000, 0x0000000702400000|100%| O|  |TAMS 0x0000000702400000, 0x0000000702200000| Untracked 
|  10|0x0000000702400000, 0x0000000702600000, 0x0000000702600000|100%|HS|  |TAMS 0x0000000702600000, 0x0000000702400000| Complete 
|  11|0x0000000702600000, 0x0000000702800000, 0x0000000702800000|100%| O|  |TAMS 0x0000000702800000, 0x0000000702600000| Untracked 
|  12|0x0000000702800000, 0x0000000702a00000, 0x0000000702a00000|100%|HS|  |TAMS 0x0000000702800000, 0x0000000702800000| Complete 
|  13|0x0000000702a00000, 0x0000000702c00000, 0x0000000702c00000|100%| O|  |TAMS 0x0000000702c00000, 0x0000000702a00000| Untracked 
|  14|0x0000000702c00000, 0x0000000702e00000, 0x0000000702e00000|100%| O|  |TAMS 0x0000000702e00000, 0x0000000702c00000| Untracked 
|  15|0x0000000702e00000, 0x0000000703000000, 0x0000000703000000|100%| O|  |TAMS 0x0000000703000000, 0x0000000702e00000| Untracked 
|  16|0x0000000703000000, 0x0000000703200000, 0x0000000703200000|100%| O|  |TAMS 0x0000000703200000, 0x0000000703000000| Untracked 
|  17|0x0000000703200000, 0x0000000703400000, 0x0000000703400000|100%| O|  |TAMS 0x0000000703400000, 0x0000000703200000| Untracked 
|  18|0x0000000703400000, 0x00000007035ffff8, 0x0000000703600000| 99%| O|  |TAMS 0x00000007035ffff8, 0x0000000703400000| Untracked 
|  19|0x0000000703600000, 0x0000000703800000, 0x0000000703800000|100%| O|  |TAMS 0x0000000703600000, 0x0000000703600000| Untracked 
|  20|0x0000000703800000, 0x0000000703a00000, 0x0000000703a00000|100%| O|  |TAMS 0x0000000703800000, 0x0000000703800000| Untracked 
|  21|0x0000000703a00000, 0x0000000703c00000, 0x0000000703c00000|100%| O|  |TAMS 0x0000000703a00000, 0x0000000703a00000| Untracked 
|  22|0x0000000703c00000, 0x0000000703e00000, 0x0000000703e00000|100%| O|  |TAMS 0x0000000703c00000, 0x0000000703c00000| Untracked 
|  23|0x0000000703e00000, 0x0000000704000000, 0x0000000704000000|100%| O|  |TAMS 0x0000000703e00000, 0x0000000703e00000| Untracked 
|  24|0x0000000704000000, 0x0000000704200000, 0x0000000704200000|100%| O|  |TAMS 0x0000000704000000, 0x0000000704000000| Untracked 
|  25|0x0000000704200000, 0x0000000704400000, 0x0000000704400000|100%| O|  |TAMS 0x0000000704200000, 0x0000000704200000| Untracked 
|  26|0x0000000704400000, 0x0000000704600000, 0x0000000704600000|100%| O|  |TAMS 0x0000000704400000, 0x0000000704400000| Untracked 
|  27|0x0000000704600000, 0x0000000704800000, 0x0000000704800000|100%| O|  |TAMS 0x0000000704600000, 0x0000000704600000| Untracked 
|  28|0x0000000704800000, 0x0000000704a00000, 0x0000000704a00000|100%| O|  |TAMS 0x0000000704800000, 0x0000000704800000| Untracked 
|  29|0x0000000704a00000, 0x0000000704c00000, 0x0000000704c00000|100%| O|  |TAMS 0x0000000704a00000, 0x0000000704a00000| Untracked 
|  30|0x0000000704c00000, 0x0000000704e00000, 0x0000000704e00000|100%| O|  |TAMS 0x0000000704c00000, 0x0000000704c00000| Untracked 
|  31|0x0000000704e00000, 0x0000000704fb1200, 0x0000000705000000| 84%| O|  |TAMS 0x0000000704e00000, 0x0000000704e00000| Untracked 
|  32|0x0000000705000000, 0x0000000705000000, 0x0000000705200000|  0%| F|  |TAMS 0x0000000705000000, 0x0000000705000000| Untracked 
|  33|0x0000000705200000, 0x0000000705200000, 0x0000000705400000|  0%| F|  |TAMS 0x0000000705200000, 0x0000000705200000| Untracked 
|  34|0x0000000705400000, 0x0000000705400000, 0x0000000705600000|  0%| F|  |TAMS 0x0000000705400000, 0x0000000705400000| Untracked 
|  35|0x0000000705600000, 0x0000000705600000, 0x0000000705800000|  0%| F|  |TAMS 0x0000000705600000, 0x0000000705600000| Untracked 
|  36|0x0000000705800000, 0x0000000705800000, 0x0000000705a00000|  0%| F|  |TAMS 0x0000000705800000, 0x0000000705800000| Untracked 
|  37|0x0000000705a00000, 0x0000000705a00000, 0x0000000705c00000|  0%| F|  |TAMS 0x0000000705a00000, 0x0000000705a00000| Untracked 
|  38|0x0000000705c00000, 0x0000000705c00000, 0x0000000705e00000|  0%| F|  |TAMS 0x0000000705c00000, 0x0000000705c00000| Untracked 
|  39|0x0000000705e00000, 0x0000000705e00000, 0x0000000706000000|  0%| F|  |TAMS 0x0000000705e00000, 0x0000000705e00000| Untracked 
|  40|0x0000000706000000, 0x0000000706000000, 0x0000000706200000|  0%| F|  |TAMS 0x0000000706000000, 0x0000000706000000| Untracked 
|  41|0x0000000706200000, 0x0000000706200000, 0x0000000706400000|  0%| F|  |TAMS 0x0000000706200000, 0x0000000706200000| Untracked 
|  42|0x0000000706400000, 0x0000000706400000, 0x0000000706600000|  0%| F|  |TAMS 0x0000000706400000, 0x0000000706400000| Untracked 
|  43|0x0000000706600000, 0x0000000706600000, 0x0000000706800000|  0%| F|  |TAMS 0x0000000706600000, 0x0000000706600000| Untracked 
|  44|0x0000000706800000, 0x0000000706800000, 0x0000000706a00000|  0%| F|  |TAMS 0x0000000706800000, 0x0000000706800000| Untracked 
|  45|0x0000000706a00000, 0x0000000706a00000, 0x0000000706c00000|  0%| F|  |TAMS 0x0000000706a00000, 0x0000000706a00000| Untracked 
|  46|0x0000000706c00000, 0x0000000706c00000, 0x0000000706e00000|  0%| F|  |TAMS 0x0000000706c00000, 0x0000000706c00000| Untracked 
|  47|0x0000000706e00000, 0x0000000706e00000, 0x0000000707000000|  0%| F|  |TAMS 0x0000000706e00000, 0x0000000706e00000| Untracked 
|  48|0x0000000707000000, 0x0000000707000000, 0x0000000707200000|  0%| F|  |TAMS 0x0000000707000000, 0x0000000707000000| Untracked 
|  49|0x0000000707200000, 0x0000000707200000, 0x0000000707400000|  0%| F|  |TAMS 0x0000000707200000, 0x0000000707200000| Untracked 
|  50|0x0000000707400000, 0x0000000707400000, 0x0000000707600000|  0%| F|  |TAMS 0x0000000707400000, 0x0000000707400000| Untracked 
|  51|0x0000000707600000, 0x000000070770a800, 0x0000000707800000| 52%| S|CS|TAMS 0x0000000707600000, 0x0000000707600000| Complete 
|  52|0x0000000707800000, 0x0000000707a00000, 0x0000000707a00000|100%| S|CS|TAMS 0x0000000707800000, 0x0000000707800000| Complete 
|  53|0x0000000707a00000, 0x0000000707c00000, 0x0000000707c00000|100%| S|CS|TAMS 0x0000000707a00000, 0x0000000707a00000| Complete 
|  54|0x0000000707c00000, 0x0000000707c00000, 0x0000000707e00000|  0%| F|  |TAMS 0x0000000707c00000, 0x0000000707c00000| Untracked 
|  55|0x0000000707e00000, 0x0000000707e00000, 0x0000000708000000|  0%| F|  |TAMS 0x0000000707e00000, 0x0000000707e00000| Untracked 
|  56|0x0000000708000000, 0x0000000708000000, 0x0000000708200000|  0%| F|  |TAMS 0x0000000708000000, 0x0000000708000000| Untracked 
|  57|0x0000000708200000, 0x0000000708200000, 0x0000000708400000|  0%| F|  |TAMS 0x0000000708200000, 0x0000000708200000| Untracked 
|  58|0x0000000708400000, 0x0000000708400000, 0x0000000708600000|  0%| F|  |TAMS 0x0000000708400000, 0x0000000708400000| Untracked 
|  59|0x0000000708600000, 0x0000000708600000, 0x0000000708800000|  0%| F|  |TAMS 0x0000000708600000, 0x0000000708600000| Untracked 
|  60|0x0000000708800000, 0x0000000708800000, 0x0000000708a00000|  0%| F|  |TAMS 0x0000000708800000, 0x0000000708800000| Untracked 
|  61|0x0000000708a00000, 0x0000000708a00000, 0x0000000708c00000|  0%| F|  |TAMS 0x0000000708a00000, 0x0000000708a00000| Untracked 
|  62|0x0000000708c00000, 0x0000000708c00000, 0x0000000708e00000|  0%| F|  |TAMS 0x0000000708c00000, 0x0000000708c00000| Untracked 
|  63|0x0000000708e00000, 0x0000000708e00000, 0x0000000709000000|  0%| F|  |TAMS 0x0000000708e00000, 0x0000000708e00000| Untracked 
|  64|0x0000000709000000, 0x0000000709000000, 0x0000000709200000|  0%| F|  |TAMS 0x0000000709000000, 0x0000000709000000| Untracked 
|  65|0x0000000709200000, 0x0000000709200000, 0x0000000709400000|  0%| F|  |TAMS 0x0000000709200000, 0x0000000709200000| Untracked 
|  66|0x0000000709400000, 0x0000000709400000, 0x0000000709600000|  0%| F|  |TAMS 0x0000000709400000, 0x0000000709400000| Untracked 
|  67|0x0000000709600000, 0x0000000709600000, 0x0000000709800000|  0%| F|  |TAMS 0x0000000709600000, 0x0000000709600000| Untracked 
|  68|0x0000000709800000, 0x0000000709a00000, 0x0000000709a00000|100%| E|  |TAMS 0x0000000709800000, 0x0000000709800000| Complete 
|  69|0x0000000709a00000, 0x0000000709c00000, 0x0000000709c00000|100%| E|CS|TAMS 0x0000000709a00000, 0x0000000709a00000| Complete 
|  70|0x0000000709c00000, 0x0000000709e00000, 0x0000000709e00000|100%| E|CS|TAMS 0x0000000709c00000, 0x0000000709c00000| Complete 
|  71|0x0000000709e00000, 0x000000070a000000, 0x000000070a000000|100%| E|CS|TAMS 0x0000000709e00000, 0x0000000709e00000| Complete 
|  72|0x000000070a000000, 0x000000070a200000, 0x000000070a200000|100%| E|CS|TAMS 0x000000070a000000, 0x000000070a000000| Complete 
|  73|0x000000070a200000, 0x000000070a400000, 0x000000070a400000|100%| E|CS|TAMS 0x000000070a200000, 0x000000070a200000| Complete 
|  74|0x000000070a400000, 0x000000070a600000, 0x000000070a600000|100%| E|CS|TAMS 0x000000070a400000, 0x000000070a400000| Complete 
| 103|0x000000070de00000, 0x000000070e000000, 0x000000070e000000|100%| E|  |TAMS 0x000000070de00000, 0x000000070de00000| Complete 
| 127|0x0000000710e00000, 0x0000000711000000, 0x0000000711000000|100%| E|CS|TAMS 0x0000000710e00000, 0x0000000710e00000| Complete 
|2037|0x00000007ffa00000, 0x00000007ffc00000, 0x00000007ffc00000|100%| O|  |TAMS 0x00000007ffc00000, 0x00000007ffa00000| Untracked 
|2038|0x00000007ffc00000, 0x00000007ffe00000, 0x00000007ffe00000|100%| O|  |TAMS 0x00000007ffe00000, 0x00000007ffc00000| Untracked 
|2039|0x00000007ffe00000, 0x0000000800000000, 0x0000000800000000|100%| O|  |TAMS 0x0000000800000000, 0x00000007ffe00000| Untracked 

Card table byte_map: [0x00000207a9630000,0x00000207a9e30000] _byte_map_base: 0x00000207a5e28000

Marking Bits (Prev, Next): (CMBitMap*) 0x0000020791c00420, (CMBitMap*) 0x0000020791c00460
 Prev Bits: [0x00000207aa630000, 0x00000207ae5f0000)
 Next Bits: [0x00000207ae5f0000, 0x00000207b25b0000)

Polling page: 0x000002078fb20000

Metaspace:

Usage:
  Non-class:     37.74 MB used.
      Class:      4.73 MB used.
       Both:     42.48 MB used.

Virtual space:
  Non-class space:       64.00 MB reserved,      38.00 MB ( 59%) committed,  1 nodes.
      Class space:        1.00 GB reserved,       5.00 MB ( <1%) committed,  1 nodes.
             Both:        1.06 GB reserved,      43.00 MB (  4%) committed. 

Chunk freelists:
   Non-Class:  1.17 MB
       Class:  3.05 MB
        Both:  4.22 MB

MaxMetaspaceSize: unlimited
CompressedClassSpaceSize: 1.00 GB
Initial GC threshold: 21.00 MB
Current GC threshold: 58.25 MB
CDS: on
MetaspaceReclaimPolicy: balanced
 - commit_granule_bytes: 65536.
 - commit_granule_words: 8192.
 - virtual_space_node_default_size: 8388608.
 - enlarge_chunks_in_place: 1.
 - new_chunks_are_fully_committed: 0.
 - uncommit_free_chunks: 1.
 - use_allocation_guard: 0.


Internal statistics:

num_allocs_failed_limit: 3.
num_arena_births: 340.
num_arena_deaths: 0.
num_vsnodes_births: 2.
num_vsnodes_deaths: 0.
num_space_committed: 688.
num_space_uncommitted: 0.
num_chunks_returned_to_freelist: 3.
num_chunks_taken_from_freelist: 1699.
num_chunk_merges: 3.
num_chunk_splits: 1228.
num_chunks_enlarged: 1011.
num_inconsistent_stats: 0.

CodeHeap 'non-profiled nmethods': size=120000Kb used=4640Kb max_used=5423Kb free=115359Kb
 bounds [0x00000207a15d0000, 0x00000207a1b20000, 0x00000207a8b00000]
CodeHeap 'profiled nmethods': size=120000Kb used=15435Kb max_used=17339Kb free=104564Kb
 bounds [0x0000020799b00000, 0x000002079ac00000, 0x00000207a1030000]
CodeHeap 'non-nmethods': size=5760Kb used=1389Kb max_used=1512Kb free=4370Kb
 bounds [0x00000207a1030000, 0x00000207a12a0000, 0x00000207a15d0000]
 total_blobs=8008 nmethods=7379 adapters=539
 compilation: enabled
              stopped_count=0, restarted_count=0
 full_count=0

Compilation events (20 events):
Event: 113.752 Thread 0x00000207b4fe8540 8946       3       org.apache.commons.compress.archivers.zip.ZipShort::putShort (9 bytes)
Event: 113.753 Thread 0x00000207b4fe8540 nmethod 8946 0x0000020799e05990 code [0x0000020799e05b40, 0x0000020799e05c68]
Event: 113.753 Thread 0x00000207b4fe8540 8947       3       org.apache.commons.compress.archivers.zip.ZipArchiveOutputStream::writeCounted (9 bytes)
Event: 113.754 Thread 0x00000207b4fe8540 nmethod 8947 0x0000020799be0610 code [0x0000020799be07c0, 0x0000020799be0a88]
Event: 113.754 Thread 0x00000207b4fe8540 8948       3       org.apache.commons.compress.archivers.zip.StreamCompressor::writeCounted (9 bytes)
Event: 113.754 Thread 0x00000207b4fe8540 nmethod 8948 0x0000020799e47e90 code [0x0000020799e48040, 0x0000020799e48208]
Event: 113.759 Thread 0x00000207b4fe8540 8949   !   3       java.util.zip.Deflater::setInput (56 bytes)
Event: 113.760 Thread 0x00000207b4fe8540 nmethod 8949 0x0000020799d8ab90 code [0x0000020799d8ad60, 0x0000020799d8b148]
Event: 113.760 Thread 0x00000207b4fe8540 8950       3       org.apache.commons.compress.archivers.zip.ZipLong::getBytes (12 bytes)
Event: 113.760 Thread 0x00000207b4fe8540 nmethod 8950 0x0000020799e85810 code [0x0000020799e859c0, 0x0000020799e85b88]
Event: 113.761 Thread 0x00000207b4fe8540 8951       3       org.apache.commons.compress.archivers.zip.StreamCompressor::deflateUntilInputIsNeeded (18 bytes)
Event: 113.761 Thread 0x00000207b4fe8540 nmethod 8951 0x0000020799bde390 code [0x0000020799bde560, 0x0000020799bde818]
Event: 113.763 Thread 0x00000207b4fe8540 8952       3       org.apache.commons.compress.archivers.zip.NioZipEncoding::newEncoder (53 bytes)
Event: 113.764 Thread 0x00000207b4fe8540 nmethod 8952 0x0000020799beb590 code [0x0000020799beb7e0, 0x0000020799bec288]
Event: 113.764 Thread 0x00000207b4fe8540 8953       3       org.apache.commons.compress.archivers.zip.ZipArchiveOutputStream::usesDataDescriptor (23 bytes)
Event: 113.764 Thread 0x00000207b4fe8540 nmethod 8953 0x0000020799ca8410 code [0x0000020799ca85c0, 0x0000020799ca8798]
Event: 113.764 Thread 0x00000207b4fe8540 8954       3       org.apache.commons.compress.archivers.zip.ZipArchiveOutputStream::hasZip64Extra (11 bytes)
Event: 113.764 Thread 0x00000207b4fe8540 nmethod 8954 0x0000020799c3c590 code [0x0000020799c3c740, 0x0000020799c3ca28]
Event: 113.778 Thread 0x00000207ba3457b0 nmethod 8875 0x00000207a16b9110 code [0x00000207a16b93a0, 0x00000207a16b9f58]
Event: 113.778 Thread 0x00000207ba3457b0 8900       4       java.util.zip.ZipInputStream::read (288 bytes)

GC Heap History (20 events):
Event: 65.756 GC heap before
{Heap before GC invocations=19 (full 0):
 garbage-first heap   total 71680K, used 49172K [0x0000000701000000, 0x0000000800000000)
  region size 2048K, 5 young (10240K), 1 survivors (2048K)
 Metaspace       used 34464K, committed 34816K, reserved 1114112K
  class space    used 3780K, committed 3968K, reserved 1048576K
}
Event: 65.765 GC heap after
{Heap after GC invocations=20 (full 0):
 garbage-first heap   total 71680K, used 43605K [0x0000000701000000, 0x0000000800000000)
  region size 2048K, 1 young (2048K), 1 survivors (2048K)
 Metaspace       used 34464K, committed 34816K, reserved 1114112K
  class space    used 3780K, committed 3968K, reserved 1048576K
}
Event: 66.036 GC heap before
{Heap before GC invocations=21 (full 0):
 garbage-first heap   total 75776K, used 47701K [0x0000000701000000, 0x0000000800000000)
  region size 2048K, 4 young (8192K), 1 survivors (2048K)
 Metaspace       used 34465K, committed 34816K, reserved 1114112K
  class space    used 3780K, committed 3968K, reserved 1048576K
}
Event: 66.043 GC heap after
{Heap after GC invocations=22 (full 0):
 garbage-first heap   total 75776K, used 44011K [0x0000000701000000, 0x0000000800000000)
  region size 2048K, 1 young (2048K), 1 survivors (2048K)
 Metaspace       used 34465K, committed 34816K, reserved 1114112K
  class space    used 3780K, committed 3968K, reserved 1048576K
}
Event: 66.159 GC heap before
{Heap before GC invocations=22 (full 0):
 garbage-first heap   total 75776K, used 46059K [0x0000000701000000, 0x0000000800000000)
  region size 2048K, 2 young (4096K), 1 survivors (2048K)
 Metaspace       used 34559K, committed 34944K, reserved 1114112K
  class space    used 3797K, committed 3968K, reserved 1048576K
}
Event: 66.168 GC heap after
{Heap after GC invocations=23 (full 0):
 garbage-first heap   total 75776K, used 43781K [0x0000000701000000, 0x0000000800000000)
  region size 2048K, 1 young (2048K), 1 survivors (2048K)
 Metaspace       used 34559K, committed 34944K, reserved 1114112K
  class space    used 3797K, committed 3968K, reserved 1048576K
}
Event: 66.967 GC heap before
{Heap before GC invocations=23 (full 0):
 garbage-first heap   total 75776K, used 49925K [0x0000000701000000, 0x0000000800000000)
  region size 2048K, 5 young (10240K), 1 survivors (2048K)
 Metaspace       used 35320K, committed 35648K, reserved 1114112K
  class space    used 3881K, committed 4032K, reserved 1048576K
}
Event: 66.975 GC heap after
{Heap after GC invocations=24 (full 0):
 garbage-first heap   total 194560K, used 44595K [0x0000000701000000, 0x0000000800000000)
  region size 2048K, 1 young (2048K), 1 survivors (2048K)
 Metaspace       used 35320K, committed 35648K, reserved 1114112K
  class space    used 3881K, committed 4032K, reserved 1048576K
}
Event: 71.411 GC heap before
{Heap before GC invocations=25 (full 0):
 garbage-first heap   total 163840K, used 108083K [0x0000000701000000, 0x0000000800000000)
  region size 2048K, 32 young (65536K), 1 survivors (2048K)
 Metaspace       used 37369K, committed 37760K, reserved 1114112K
  class space    used 4113K, committed 4288K, reserved 1048576K
}
Event: 71.441 GC heap after
{Heap after GC invocations=26 (full 0):
 garbage-first heap   total 163840K, used 61859K [0x0000000701000000, 0x0000000800000000)
  region size 2048K, 4 young (8192K), 4 survivors (8192K)
 Metaspace       used 37369K, committed 37760K, reserved 1114112K
  class space    used 4113K, committed 4288K, reserved 1048576K
}
Event: 71.553 GC heap before
{Heap before GC invocations=26 (full 0):
 garbage-first heap   total 163840K, used 63907K [0x0000000701000000, 0x0000000800000000)
  region size 2048K, 5 young (10240K), 4 survivors (8192K)
 Metaspace       used 37374K, committed 37760K, reserved 1114112K
  class space    used 4113K, committed 4288K, reserved 1048576K
}
Event: 71.567 GC heap after
{Heap after GC invocations=27 (full 0):
 garbage-first heap   total 163840K, used 63313K [0x0000000701000000, 0x0000000800000000)
  region size 2048K, 1 young (2048K), 1 survivors (2048K)
 Metaspace       used 37374K, committed 37760K, reserved 1114112K
  class space    used 4113K, committed 4288K, reserved 1048576K
}
Event: 73.876 GC heap before
{Heap before GC invocations=27 (full 0):
 garbage-first heap   total 163840K, used 100177K [0x0000000701000000, 0x0000000800000000)
  region size 2048K, 20 young (40960K), 1 survivors (2048K)
 Metaspace       used 37945K, committed 38336K, reserved 1114112K
  class space    used 4174K, committed 4352K, reserved 1048576K
}
Event: 73.895 GC heap after
{Heap after GC invocations=28 (full 0):
 garbage-first heap   total 163840K, used 72539K [0x0000000701000000, 0x0000000800000000)
  region size 2048K, 3 young (6144K), 3 survivors (6144K)
 Metaspace       used 37945K, committed 38336K, reserved 1114112K
  class space    used 4174K, committed 4352K, reserved 1048576K
}
Event: 83.540 GC heap before
{Heap before GC invocations=28 (full 0):
 garbage-first heap   total 163840K, used 109403K [0x0000000701000000, 0x0000000800000000)
  region size 2048K, 21 young (43008K), 3 survivors (6144K)
 Metaspace       used 38935K, committed 39360K, reserved 1114112K
  class space    used 4280K, committed 4480K, reserved 1048576K
}
Event: 83.546 GC heap after
{Heap after GC invocations=29 (full 0):
 garbage-first heap   total 163840K, used 72397K [0x0000000701000000, 0x0000000800000000)
  region size 2048K, 1 young (2048K), 1 survivors (2048K)
 Metaspace       used 38935K, committed 39360K, reserved 1114112K
  class space    used 4280K, committed 4480K, reserved 1048576K
}
Event: 94.118 GC heap before
{Heap before GC invocations=29 (full 0):
 garbage-first heap   total 163840K, used 113357K [0x0000000701000000, 0x0000000800000000)
  region size 2048K, 21 young (43008K), 1 survivors (2048K)
 Metaspace       used 40334K, committed 40832K, reserved 1114112K
  class space    used 4469K, committed 4736K, reserved 1048576K
}
Event: 94.126 GC heap after
{Heap after GC invocations=30 (full 0):
 garbage-first heap   total 163840K, used 73886K [0x0000000701000000, 0x0000000800000000)
  region size 2048K, 2 young (4096K), 2 survivors (4096K)
 Metaspace       used 40334K, committed 40832K, reserved 1114112K
  class space    used 4469K, committed 4736K, reserved 1048576K
}
Event: 112.300 GC heap before
{Heap before GC invocations=30 (full 0):
 garbage-first heap   total 163840K, used 133278K [0x0000000701000000, 0x0000000800000000)
  region size 2048K, 23 young (47104K), 2 survivors (4096K)
 Metaspace       used 42181K, committed 42688K, reserved 1114112K
  class space    used 4686K, committed 4928K, reserved 1048576K
}
Event: 112.315 GC heap after
{Heap after GC invocations=31 (full 0):
 garbage-first heap   total 163840K, used 76526K [0x0000000701000000, 0x0000000800000000)
  region size 2048K, 3 young (6144K), 3 survivors (6144K)
 Metaspace       used 42181K, committed 42688K, reserved 1114112K
  class space    used 4686K, committed 4928K, reserved 1048576K
}

Dll operation events (10 events):
Event: 0.035 Loaded shared library C:\Program Files\Java\jdk-19\bin\java.dll
Event: 0.053 Loaded shared library C:\Program Files\Java\jdk-19\bin\jsvml.dll
Event: 0.240 Loaded shared library C:\Program Files\Java\jdk-19\bin\net.dll
Event: 0.247 Loaded shared library C:\Program Files\Java\jdk-19\bin\nio.dll
Event: 0.341 Loaded shared library C:\Program Files\Java\jdk-19\bin\zip.dll
Event: 4.615 Loaded shared library C:\Program Files\Java\jdk-19\bin\jimage.dll
Event: 4.714 Loaded shared library C:\Users\KB\.m2\wrapper\dists\apache-maven-3.9.9\977a63e90f436cd6ade95b4c0e10c20c\lib\jansi-native\Windows\x86_64\jansi.dll
Event: 4.734 Loaded shared library C:\Program Files\Java\jdk-19\bin\verify.dll
Event: 9.750 Loaded shared library C:\Program Files\Java\jdk-19\bin\sunmscapi.dll
Event: 10.653 Loaded shared library C:\Program Files\Java\jdk-19\bin\extnet.dll

Deoptimization events (20 events):
Event: 113.462 Thread 0x0000020791b8c960 Uncommon trap: trap_request=0xffffffc6 fr.pc=0x00000207a198fab0 relative=0x0000000000001330
Event: 113.462 Thread 0x0000020791b8c960 Uncommon trap: reason=bimorphic_or_optimized_type_check action=maybe_recompile pc=0x00000207a198fab0 method=java.io.FilterInputStream.read([BII)I @ 7 c2
Event: 113.462 Thread 0x0000020791b8c960 DEOPT PACKING pc=0x00000207a198fab0 sp=0x000000ecdf0fdda0
Event: 113.462 Thread 0x0000020791b8c960 DEOPT UNPACKING pc=0x00000207a1096da3 sp=0x000000ecdf0fdd68 mode 2
Event: 113.462 Thread 0x0000020791b8c960 Uncommon trap: trap_request=0xffffffc6 fr.pc=0x00000207a1989840 relative=0x00000000000024a0
Event: 113.462 Thread 0x0000020791b8c960 Uncommon trap: reason=bimorphic_or_optimized_type_check action=maybe_recompile pc=0x00000207a1989840 method=java.io.FilterInputStream.read([BII)I @ 7 c2
Event: 113.462 Thread 0x0000020791b8c960 DEOPT PACKING pc=0x00000207a1989840 sp=0x000000ecdf0fdd80
Event: 113.462 Thread 0x0000020791b8c960 DEOPT UNPACKING pc=0x00000207a1096da3 sp=0x000000ecdf0fdc20 mode 2
Event: 113.462 Thread 0x0000020791b8c960 Uncommon trap: trap_request=0xffffffc6 fr.pc=0x00000207a1989840 relative=0x00000000000024a0
Event: 113.462 Thread 0x0000020791b8c960 Uncommon trap: reason=bimorphic_or_optimized_type_check action=maybe_recompile pc=0x00000207a1989840 method=java.io.FilterInputStream.read([BII)I @ 7 c2
Event: 113.462 Thread 0x0000020791b8c960 DEOPT PACKING pc=0x00000207a1989840 sp=0x000000ecdf0fdcb0
Event: 113.462 Thread 0x0000020791b8c960 DEOPT UNPACKING pc=0x00000207a1096da3 sp=0x000000ecdf0fdb50 mode 2
Event: 113.464 Thread 0x0000020791b8c960 Uncommon trap: trap_request=0xffffffc6 fr.pc=0x00000207a198fab0 relative=0x0000000000001330
Event: 113.464 Thread 0x0000020791b8c960 Uncommon trap: reason=bimorphic_or_optimized_type_check action=maybe_recompile pc=0x00000207a198fab0 method=java.io.FilterInputStream.read([BII)I @ 7 c2
Event: 113.464 Thread 0x0000020791b8c960 DEOPT PACKING pc=0x00000207a198fab0 sp=0x000000ecdf0fdc40
Event: 113.464 Thread 0x0000020791b8c960 DEOPT UNPACKING pc=0x00000207a1096da3 sp=0x000000ecdf0fdc08 mode 2
Event: 113.464 Thread 0x0000020791b8c960 Uncommon trap: trap_request=0xffffffc6 fr.pc=0x00000207a19952bc relative=0x00000000000010bc
Event: 113.464 Thread 0x0000020791b8c960 Uncommon trap: reason=bimorphic_or_optimized_type_check action=maybe_recompile pc=0x00000207a19952bc method=java.io.FilterInputStream.read([BII)I @ 7 c2
Event: 113.464 Thread 0x0000020791b8c960 DEOPT PACKING pc=0x00000207a19952bc sp=0x000000ecdf0fdbb0
Event: 113.464 Thread 0x0000020791b8c960 DEOPT UNPACKING pc=0x00000207a1096da3 sp=0x000000ecdf0fdbf8 mode 2

Classes loaded (20 events):
Event: 112.365 Loading class javax/management/JMException
Event: 112.365 Loading class javax/management/JMException done
Event: 112.365 Loading class javax/management/OperationsException done
Event: 112.365 Loading class javax/management/InstanceNotFoundException done
Event: 112.365 Loading class javax/management/MBeanServerConnection
Event: 112.365 Loading class javax/management/MBeanServerConnection done
Event: 112.370 Loading class javax/management/ReflectionException
Event: 112.370 Loading class javax/management/ReflectionException done
Event: 112.382 Loading class java/util/jar/JarOutputStream
Event: 112.394 Loading class java/util/jar/JarOutputStream done
Event: 113.067 Loading class java/net/HttpURLConnection
Event: 113.068 Loading class java/net/HttpURLConnection done
Event: 113.193 Loading class java/util/jar/JarInputStream
Event: 113.193 Loading class java/util/jar/JarInputStream done
Event: 113.336 Loading class java/io/FileFilter
Event: 113.336 Loading class java/io/FileFilter done
Event: 113.340 Loading class sun/security/util/ManifestEntryVerifier
Event: 113.340 Loading class sun/security/util/ManifestEntryVerifier done
Event: 113.463 Loading class sun/security/util/SignatureFileVerifier
Event: 113.464 Loading class sun/security/util/SignatureFileVerifier done

Classes unloaded (0 events):
No events

Classes redefined (0 events):
No events

Internal exceptions (20 events):
Event: 99.669 Thread 0x00000207c0cf8c60 Exception <a 'sun/nio/fs/WindowsException'{0x00000007088ded88}> (0x00000007088ded88) 
thrown [s\open\src\hotspot\share\prims\jni.cpp, line 517]
Event: 99.670 Thread 0x00000207c0cfcc20 Exception <a 'sun/nio/fs/WindowsException'{0x0000000708b7b3f8}> (0x0000000708b7b3f8) 
thrown [s\open\src\hotspot\share\prims\jni.cpp, line 517]
Event: 99.894 Thread 0x00000207c0cf8c60 Exception <a 'sun/nio/fs/WindowsException'{0x00000007088f6040}> (0x00000007088f6040) 
thrown [s\open\src\hotspot\share\prims\jni.cpp, line 517]
Event: 99.978 Thread 0x00000207c0cfa6f0 Exception <a 'sun/nio/fs/WindowsException'{0x000000070888c5a0}> (0x000000070888c5a0) 
thrown [s\open\src\hotspot\share\prims\jni.cpp, line 517]
Event: 100.287 Thread 0x00000207c0cfc6d0 Exception <a 'sun/nio/fs/WindowsException'{0x0000000708953120}> (0x0000000708953120) 
thrown [s\open\src\hotspot\share\prims\jni.cpp, line 517]
Event: 100.636 Thread 0x00000207c0cfcc20 Exception <a 'sun/nio/fs/WindowsException'{0x0000000708bbec90}> (0x0000000708bbec90) 
thrown [s\open\src\hotspot\share\prims\jni.cpp, line 517]
Event: 100.809 Thread 0x00000207c0cf81c0 Exception <a 'sun/nio/fs/WindowsException'{0x00000007088423a0}> (0x00000007088423a0) 
thrown [s\open\src\hotspot\share\prims\jni.cpp, line 517]
Event: 101.088 Thread 0x0000020791b8c960 Exception <a 'sun/nio/fs/WindowsException'{0x0000000708afbb50}> (0x0000000708afbb50) 
thrown [s\open\src\hotspot\share\prims\jni.cpp, line 517]
Event: 101.115 Thread 0x0000020791b8c960 Exception <a 'sun/nio/fs/WindowsException'{0x0000000708b05db0}> (0x0000000708b05db0) 
thrown [s\open\src\hotspot\share\prims\jni.cpp, line 517]
Event: 101.126 Thread 0x0000020791b8c960 Exception <a 'sun/nio/fs/WindowsException'{0x0000000708b0cbd8}> (0x0000000708b0cbd8) 
thrown [s\open\src\hotspot\share\prims\jni.cpp, line 517]
Event: 101.145 Thread 0x0000020791b8c960 Exception <a 'sun/nio/fs/WindowsException'{0x0000000708b16bd8}> (0x0000000708b16bd8) 
thrown [s\open\src\hotspot\share\prims\jni.cpp, line 517]
Event: 101.166 Thread 0x0000020791b8c960 Exception <a 'sun/nio/fs/WindowsException'{0x0000000708b1d9c8}> (0x0000000708b1d9c8) 
thrown [s\open\src\hotspot\share\prims\jni.cpp, line 517]
Event: 101.198 Thread 0x0000020791b8c960 Exception <a 'sun/nio/fs/WindowsException'{0x0000000708b27920}> (0x0000000708b27920) 
thrown [s\open\src\hotspot\share\prims\jni.cpp, line 517]
Event: 101.387 Thread 0x0000020791b8c960 Exception <a 'sun/nio/fs/WindowsException'{0x0000000708b2e820}> (0x0000000708b2e820) 
thrown [s\open\src\hotspot\share\prims\jni.cpp, line 517]
Event: 101.404 Thread 0x0000020791b8c960 Exception <a 'sun/nio/fs/WindowsException'{0x0000000708b389b0}> (0x0000000708b389b0) 
thrown [s\open\src\hotspot\share\prims\jni.cpp, line 517]
Event: 101.431 Thread 0x0000020791b8c960 Exception <a 'sun/nio/fs/WindowsException'{0x0000000708b3f800}> (0x0000000708b3f800) 
thrown [s\open\src\hotspot\share\prims\jni.cpp, line 517]
Event: 101.442 Thread 0x0000020791b8c960 Exception <a 'sun/nio/fs/WindowsException'{0x0000000708b498d0}> (0x0000000708b498d0) 
thrown [s\open\src\hotspot\share\prims\jni.cpp, line 517]
Event: 101.460 Thread 0x0000020791b8c960 Exception <a 'sun/nio/fs/WindowsException'{0x0000000708b506a0}> (0x0000000708b506a0) 
thrown [s\open\src\hotspot\share\prims\jni.cpp, line 517]
Event: 101.542 Thread 0x0000020791b8c960 Exception <a 'sun/nio/fs/WindowsException'{0x0000000708b5a6b0}> (0x0000000708b5a6b0) 
thrown [s\open\src\hotspot\share\prims\jni.cpp, line 517]
Event: 113.022 Thread 0x0000020791b8c960 Exception <a 'java/lang/NoSuchMethodError'{0x000000070a1a4fd8}: 'void java.lang.invoke.DirectMethodHandle$Holder.invokeStatic(java.lang.Object, java.lang.Object, java.lang.Object, java.lang.Object)'> (0x000000070a1a4fd8) 
thrown [s\open\src\hotspot\share\interpreter\linkResolver.cpp, line 774]

VM Operations (20 events):
Event: 98.948 Executing VM operation: Cleanup
Event: 98.948 Executing VM operation: Cleanup done
Event: 101.973 Executing VM operation: Cleanup
Event: 101.973 Executing VM operation: Cleanup done
Event: 112.056 Executing VM operation: Cleanup
Event: 112.056 Executing VM operation: Cleanup done
Event: 112.300 Executing VM operation: G1CollectForAllocation
Event: 112.315 Executing VM operation: G1CollectForAllocation done
Event: 112.382 Executing VM operation: HandshakeAllThreads
Event: 112.382 Executing VM operation: HandshakeAllThreads done
Event: 113.073 Executing VM operation: HandshakeAllThreads
Event: 113.073 Executing VM operation: HandshakeAllThreads done
Event: 113.196 Executing VM operation: HandshakeAllThreads
Event: 113.196 Executing VM operation: HandshakeAllThreads done
Event: 113.197 Executing VM operation: HandshakeAllThreads
Event: 113.197 Executing VM operation: HandshakeAllThreads done
Event: 113.462 Executing VM operation: HandshakeAllThreads
Event: 113.462 Executing VM operation: HandshakeAllThreads done
Event: 113.462 Executing VM operation: Cleanup
Event: 113.473 Executing VM operation: Cleanup done

Events (20 events):
Event: 113.488 Thread 0x00000207b4ffe700 flushing nmethod 0x000002079a8df310
Event: 113.488 Thread 0x00000207b4ffe700 flushing nmethod 0x000002079a8e2e10
Event: 113.488 Thread 0x00000207b4ffe700 flushing nmethod 0x000002079a8e4210
Event: 113.488 Thread 0x00000207b4ffe700 flushing nmethod 0x000002079a8f4d90
Event: 113.488 Thread 0x00000207b4ffe700 flushing nmethod 0x000002079a908710
Event: 113.488 Thread 0x00000207b4ffe700 flushing nmethod 0x000002079a923810
Event: 113.488 Thread 0x00000207b4ffe700 flushing nmethod 0x000002079a925a10
Event: 113.488 Thread 0x00000207b4ffe700 flushing nmethod 0x000002079a939690
Event: 113.488 Thread 0x00000207b4ffe700 flushing nmethod 0x000002079a941810
Event: 113.488 Thread 0x00000207b4ffe700 flushing nmethod 0x000002079a955310
Event: 113.488 Thread 0x00000207b4ffe700 flushing nmethod 0x000002079a970c10
Event: 113.489 Thread 0x00000207b4ffe700 flushing nmethod 0x000002079a99e990
Event: 113.489 Thread 0x00000207b4ffe700 flushing nmethod 0x000002079a99f310
Event: 113.489 Thread 0x00000207b4ffe700 flushing nmethod 0x000002079a99f710
Event: 113.489 Thread 0x00000207b4ffe700 flushing nmethod 0x000002079a9ab310
Event: 113.489 Thread 0x00000207b4ffe700 flushing nmethod 0x000002079a9acc10
Event: 113.490 Thread 0x00000207b4ffe700 flushing nmethod 0x000002079aa5af10
Event: 113.490 Thread 0x00000207b4ffe700 flushing nmethod 0x000002079aa8c790
Event: 113.490 Thread 0x00000207b4ffe700 flushing nmethod 0x000002079aabcb90
Event: 113.707 Thread 0x00000207ba3457b0 Thread added: 0x00000207ba3457b0


Dynamic libraries:
0x00007ff722b70000 - 0x00007ff722b80000 	C:\Program Files\Java\jdk-19\bin\java.exe
0x00007ffe15410000 - 0x00007ffe15605000 	C:\WINDOWS\SYSTEM32\ntdll.dll
0x00007ffe15310000 - 0x00007ffe153ce000 	C:\WINDOWS\System32\KERNEL32.DLL
0x00007ffe12b20000 - 0x00007ffe12de8000 	C:\WINDOWS\System32\KERNELBASE.dll
0x00007ffe132f0000 - 0x00007ffe133f0000 	C:\WINDOWS\System32\ucrtbase.dll
0x00007ffdf9790000 - 0x00007ffdf97ab000 	C:\Program Files\Java\jdk-19\bin\VCRUNTIME140.dll
0x00007ffddb980000 - 0x00007ffddb998000 	C:\Program Files\Java\jdk-19\bin\jli.dll
0x00007ffe13740000 - 0x00007ffe137ec000 	C:\WINDOWS\System32\ADVAPI32.dll
0x00007ffe13910000 - 0x00007ffe139ae000 	C:\WINDOWS\System32\msvcrt.dll
0x00007ffe13d00000 - 0x00007ffe13d9b000 	C:\WINDOWS\System32\sechost.dll
0x00007ffe14a50000 - 0x00007ffe14b7a000 	C:\WINDOWS\System32\RPCRT4.dll
0x00007ffe13a20000 - 0x00007ffe13bc1000 	C:\WINDOWS\System32\USER32.dll
0x00007ffe0d8f0000 - 0x00007ffe0db8a000 	C:\WINDOWS\WinSxS\amd64_microsoft.windows.common-controls_6595b64144ccf1df_6.0.19041.1110_none_60b5254171f9507e\COMCTL32.dll
0x00007ffe132c0000 - 0x00007ffe132e2000 	C:\WINDOWS\System32\win32u.dll
0x00007ffe13640000 - 0x00007ffe1366b000 	C:\WINDOWS\System32\GDI32.dll
0x00007ffe12e80000 - 0x00007ffe12f8d000 	C:\WINDOWS\System32\gdi32full.dll
0x00007ffe09c40000 - 0x00007ffe09c4a000 	C:\WINDOWS\SYSTEM32\VERSION.dll
0x00007ffe13220000 - 0x00007ffe132bd000 	C:\WINDOWS\System32\msvcp_win.dll
0x00007ffe15000000 - 0x00007ffe15030000 	C:\WINDOWS\System32\IMM32.DLL
0x00007ffe05700000 - 0x00007ffe0570c000 	C:\Program Files\Java\jdk-19\bin\vcruntime140_1.dll
0x00007ffddb160000 - 0x00007ffddb1ee000 	C:\Program Files\Java\jdk-19\bin\msvcp140.dll
0x00007ffd770c0000 - 0x00007ffd77d80000 	C:\Program Files\Java\jdk-19\bin\server\jvm.dll
0x00007ffe0d6a0000 - 0x00007ffe0d6c7000 	C:\WINDOWS\SYSTEM32\WINMM.dll
0x00007ffdedbf0000 - 0x00007ffdedbf9000 	C:\WINDOWS\SYSTEM32\WSOCK32.dll
0x00007ffe139b0000 - 0x00007ffe13a1b000 	C:\WINDOWS\System32\WS2_32.dll
0x00007ffe113f0000 - 0x00007ffe11402000 	C:\WINDOWS\SYSTEM32\kernel.appcore.dll
0x00007ffdf7050000 - 0x00007ffdf705a000 	C:\Program Files\Java\jdk-19\bin\jimage.dll
0x00007ffdf9b70000 - 0x00007ffdf9d54000 	C:\WINDOWS\SYSTEM32\DBGHELP.DLL
0x00007ffddfb50000 - 0x00007ffddfb7c000 	C:\WINDOWS\SYSTEM32\dbgcore.DLL
0x00007ffe12df0000 - 0x00007ffe12e72000 	C:\WINDOWS\System32\bcryptPrimitives.dll
0x00007ffddd970000 - 0x00007ffddd996000 	C:\Program Files\Java\jdk-19\bin\java.dll
0x00007ffdd00c0000 - 0x00007ffdd0197000 	C:\Program Files\Java\jdk-19\bin\jsvml.dll
0x00007ffe142f0000 - 0x00007ffe14a34000 	C:\WINDOWS\System32\SHELL32.dll
0x00007ffe10bf0000 - 0x00007ffe11384000 	C:\WINDOWS\SYSTEM32\windows.storage.dll
0x00007ffe13e10000 - 0x00007ffe14165000 	C:\WINDOWS\System32\combase.dll
0x00007ffe124a0000 - 0x00007ffe124ce000 	C:\WINDOWS\SYSTEM32\Wldp.dll
0x00007ffe134b0000 - 0x00007ffe1355d000 	C:\WINDOWS\System32\SHCORE.dll
0x00007ffe13db0000 - 0x00007ffe13e05000 	C:\WINDOWS\System32\shlwapi.dll
0x00007ffe12a60000 - 0x00007ffe12a7f000 	C:\WINDOWS\SYSTEM32\profapi.dll
0x00007ffddd1d0000 - 0x00007ffddd1e3000 	C:\Program Files\Java\jdk-19\bin\net.dll
0x00007ffdf8630000 - 0x00007ffdf873c000 	C:\WINDOWS\SYSTEM32\WINHTTP.dll
0x00007ffe12200000 - 0x00007ffe1226a000 	C:\WINDOWS\system32\mswsock.dll
0x00007ffddcb70000 - 0x00007ffddcb86000 	C:\Program Files\Java\jdk-19\bin\nio.dll
0x00007ffddba50000 - 0x00007ffddba68000 	C:\Program Files\Java\jdk-19\bin\zip.dll
0x00007ffdc3fa0000 - 0x00007ffdc3fc4000 	C:\Users\KB\.m2\wrapper\dists\apache-maven-3.9.9\977a63e90f436cd6ade95b4c0e10c20c\lib\jansi-native\Windows\x86_64\jansi.dll
0x00007ffdf7040000 - 0x00007ffdf7050000 	C:\Program Files\Java\jdk-19\bin\verify.dll
0x00007ffdf4230000 - 0x00007ffdf423e000 	C:\Program Files\Java\jdk-19\bin\sunmscapi.dll
0x00007ffe12f90000 - 0x00007ffe130e6000 	C:\WINDOWS\System32\CRYPT32.dll
0x00007ffe12510000 - 0x00007ffe12537000 	C:\WINDOWS\SYSTEM32\ncrypt.dll
0x00007ffe124d0000 - 0x00007ffe1250b000 	C:\WINDOWS\SYSTEM32\NTASN1.dll
0x00007ffe12400000 - 0x00007ffe12418000 	C:\WINDOWS\SYSTEM32\CRYPTSP.dll
0x00007ffe11b80000 - 0x00007ffe11bb4000 	C:\WINDOWS\system32\rsaenh.dll
0x00007ffe131f0000 - 0x00007ffe13217000 	C:\WINDOWS\System32\bcrypt.dll
0x00007ffe129e0000 - 0x00007ffe12a0e000 	C:\WINDOWS\SYSTEM32\USERENV.dll
0x00007ffe123f0000 - 0x00007ffe123fc000 	C:\WINDOWS\SYSTEM32\CRYPTBASE.dll
0x00007ffe11ef0000 - 0x00007ffe11f2b000 	C:\WINDOWS\SYSTEM32\IPHLPAPI.DLL
0x00007ffe14a40000 - 0x00007ffe14a48000 	C:\WINDOWS\System32\NSI.dll
0x00007ffe0cfb0000 - 0x00007ffe0cfc7000 	C:\WINDOWS\SYSTEM32\dhcpcsvc6.DLL
0x00007ffe0cf90000 - 0x00007ffe0cfad000 	C:\WINDOWS\SYSTEM32\dhcpcsvc.DLL
0x00007ffe11f30000 - 0x00007ffe11ffb000 	C:\WINDOWS\SYSTEM32\DNSAPI.dll
0x00007ffdfcfc0000 - 0x00007ffdfcfca000 	C:\Windows\System32\rasadhlp.dll
0x00007ffdf6db0000 - 0x00007ffdf6e2f000 	C:\WINDOWS\System32\fwpuclnt.dll
0x00007ffdf4f10000 - 0x00007ffdf4f18000 	C:\Program Files\Java\jdk-19\bin\extnet.dll

dbghelp: loaded successfully - version: 4.0.5 - missing functions: none
symbol engine: initialized successfully - sym options: 0x614 - pdb path: .;C:\Program Files\Java\jdk-19\bin;C:\WINDOWS\SYSTEM32;C:\WINDOWS\WinSxS\amd64_microsoft.windows.common-controls_6595b64144ccf1df_6.0.19041.1110_none_60b5254171f9507e;C:\Program Files\Java\jdk-19\bin\server;C:\Users\KB\.m2\wrapper\dists\apache-maven-3.9.9\977a63e90f436cd6ade95b4c0e10c20c\lib\jansi-native\Windows\x86_64

VM Arguments:
jvm_args: -Dclassworlds.conf=C:\Users\KB\.m2\wrapper\dists\apache-maven-3.9.9\977a63e90f436cd6ade95b4c0e10c20c\bin\m2.conf -Dmaven.home=C:\Users\KB\.m2\wrapper\dists\apache-maven-3.9.9\977a63e90f436cd6ade95b4c0e10c20c -Dlibrary.jansi.path=C:\Users\KB\.m2\wrapper\dists\apache-maven-3.9.9\977a63e90f436cd6ade95b4c0e10c20c\lib\jansi-native -Dmaven.multiModuleProjectDirectory=F:\Pizarras Elenita\Pizarras-Elenita 
java_command: org.codehaus.plexus.classworlds.launcher.Launcher -DskipTests=true -Dmaven.ext.class.path=C:\Program Files\NetBeans-17\netbeans\java\maven-nblib\netbeans-eventspy.jar --no-transfer-progress --fail-at-end package
java_class_path (initial): C:\Users\KB\.m2\wrapper\dists\apache-maven-3.9.9\977a63e90f436cd6ade95b4c0e10c20c\boot\plexus-classworlds-2.8.0.jar
Launcher Type: SUN_STANDARD

[Global flags]
     intx CICompilerCount                          = 4                                         {product} {ergonomic}
     uint ConcGCThreads                            = 2                                         {product} {ergonomic}
     uint G1ConcRefinementThreads                  = 8                                         {product} {ergonomic}
   size_t G1HeapRegionSize                         = 2097152                                   {product} {ergonomic}
    uintx GCDrainStackTargetSize                   = 64                                        {product} {ergonomic}
   size_t InitialHeapSize                          = 268435456                                 {product} {ergonomic}
   size_t MarkStackSize                            = 4194304                                   {product} {ergonomic}
   size_t MaxHeapSize                              = 4278190080                                {product} {ergonomic}
   size_t MaxNewSize                               = 2566914048                                {product} {ergonomic}
   size_t MinHeapDeltaBytes                        = 2097152                                   {product} {ergonomic}
   size_t MinHeapSize                              = 8388608                                   {product} {ergonomic}
    uintx NonNMethodCodeHeapSize                   = 5839372                                {pd product} {ergonomic}
    uintx NonProfiledCodeHeapSize                  = 122909434                              {pd product} {ergonomic}
    uintx ProfiledCodeHeapSize                     = 122909434                              {pd product} {ergonomic}
    uintx ReservedCodeCacheSize                    = 251658240                              {pd product} {ergonomic}
     bool SegmentedCodeCache                       = true                                      {product} {ergonomic}
   size_t SoftMaxHeapSize                          = 4278190080                             {manageable} {ergonomic}
     bool UseCompressedClassPointers               = true                           {product lp64_product} {ergonomic}
     bool UseCompressedOops                        = true                           {product lp64_product} {ergonomic}
     bool UseG1GC                                  = true                                      {product} {ergonomic}
     bool UseLargePagesIndividualAllocation        = false                                  {pd product} {ergonomic}

Logging:
Log output configuration:
 #0: stdout all=warning uptime,level,tags foldmultilines=false
 #1: stderr all=off uptime,level,tags foldmultilines=false

Environment Variables:
JAVA_HOME=C:\Program Files\Java\jdk-19
PATH=C:\Program Files\Microsoft MPI\Bin\;C:\Program Files\Common Files\Oracle\Java\javapath;C:\Program Files (x86)\Common Files\Oracle\Java\javapath;C:\ProgramData\Oracle\Java\javapath;C:\WINDOWS\system32;C:\WINDOWS;C:\WINDOWS\System32\Wbem;C:\WINDOWS\System32\WindowsPowerShell\v1.0\;C:\WINDOWS\System32\OpenSSH\;C:\Program Files (x86)\NVIDIA Corporation\PhysX\Common;C:\Program Files\NVIDIA Corporation\NVIDIA NvDLISR;C:\Program Files (x86)\Microsoft SQL Server\160\Tools\Binn\;C:\Program Files\Microsoft SQL Server\160\Tools\Binn\;C:\Program Files\Microsoft SQL Server\Client SDK\ODBC\170\Tools\Binn\;C:\Program Files\Microsoft SQL Server\160\DTS\Binn\;C:\Program Files (x86)\Microsoft SQL Server\160\DTS\Binn\;C:\Program Files\Azure Data Studio\bin;C:\Program Files\Git\cmd;C:\Program Files\nodejs\;C:\Users\KB\AppData\Local\Microsoft\WindowsApps;;C:\Program Files\Azure Data Studio\bin;C:\Users\KB\AppData\Local\Programs\Microsoft VS Code\bin;C:\Users\KB\AppData\Roaming\npm
USERNAME=KB
OS=Windows_NT
PROCESSOR_IDENTIFIER=Intel64 Family 6 Model 60 Stepping 3, GenuineIntel
TMP=C:\Users\KB\AppData\Local\Temp
TEMP=C:\Users\KB\AppData\Local\Temp



---------------  S Y S T E M  ---------------

OS:
 Windows 10 , 64 bit Build 19041 (10.0.19041.1348)
OS uptime: 1 days 12:33 hours

CPU: total 8 (initial active 8) (4 cores per cpu, 2 threads per core) family 6 model 60 stepping 3 microcode 0x27, cx8, cmov, fxsr, ht, mmx, sse, sse2, sse3, ssse3, sse4.1, sse4.2, popcnt, lzcnt, tsc, tscinvbit, avx, avx2, aes, erms, clmul, bmi1, bmi2, fma, vzeroupper, clflush, rdtscp

Memory: 4k page, system-wide physical 16316M (1964M free)
TotalPageFile size 19243M (AvailPageFile size 9M)
current process WorkingSet (physical memory assigned to process): 357M, peak: 416M
current process commit charge ("private bytes"): 404M, peak: 476M

vm_info: Java HotSpot(TM) 64-Bit Server VM (19.0.2+7-44) for windows-amd64 JRE (19.0.2+7-44), built on 2022-11-30T18:02:09Z by "mach5one" with MS VC++ 17.1 (VS2022)

END.
